#
# A fatal error has been detected by the Java Runtime Environment:
#
#  SIGSEGV (0xb) at pc=0x0000000109904d66, pid=2471, tid=0x0000000000002e03
#
# JRE version: Java(TM) SE Runtime Environment (8.0_181-b13) (build 1.8.0_181-b13)
# Java VM: Java HotSpot(TM) 64-Bit Server VM (25.181-b13 mixed mode bsd-amd64 compressed oops)
# Problematic frame:
# V  [libjvm.dylib+0x504d66]  SignatureIterator::expect(char)+0x14
#
# Failed to write core dump. Core dumps have been disabled. To enable core dumping, try "ulimit -c unlimited" before starting Java again
#
# If you would like to submit a bug report, please visit:
#   http://bugreport.java.com/bugreport/crash.jsp
#

---------------  T H R E A D  ---------------

Current thread (0x00007ff8c5803800):  VMThread [stack: 0x0000700010487000,0x0000700010587000] [id=11779]

siginfo: si_signo: 11 (SIGSEGV), si_code: 1 (SEGV_MAPERR), si_addr: 0x0000000000000008

Registers:
RAX=0x0000000000000000, RBX=0x00007000105860c8, RCX=0x0000000000000000, RDX=0x0000000000000000
RSP=0x0000700010585f60, RBP=0x0000700010586070, RSI=0x0000000000000028, RDI=0x00007000105860c8
R8 =0x0000000000000028, R9 =0x000000008a000000, R10=0x0000000000001fff, R11=0xffffffffffffffc0
R12=0x00007000105860c8, R13=0x000000010f7b97a0, R14=0x0000000000000000, R15=0x00007000105866f8
RIP=0x0000000109904d66, EFLAGS=0x0000000000010206, ERR=0x0000000000000004
  TRAPNO=0x000000000000000e

Top of Stack: (sp=0x0000700010585f60)
0x0000700010585f60:   0000700010585f90 0000000109904b2b
0x0000700010585f70:   0000000000000000 0000700010585fe8
0x0000700010585f80:   0000700010585fb0 0000000109904b74
0x0000700010585f90:   0000700010585fd0 0000700010585fe8
0x0000700010585fa0:   0000000000000000 0000700010585fe8
0x0000700010585fb0:   00007000460006a7 000000014fffffff
0x0000700010585fc0:   0000000000000000 0000700010586014
0x0000700010585fd0:   0000700010586450 0000000109688c5f
0x0000700010585fe0:   0000000000000000 0000000109c2a1c0
0x0000700010585ff0:   000000010fabd560 0000000000000014
0x0000700010586000:   000000000000000e 0000700010586018
0x0000700010586010:   0000000000000002 4fffffff4fffffff
0x0000700010586020:   000000004fffffff 0000000000000000
0x0000700010586030:   0000000000000000 0000000000000000
0x0000700010586040:   0000700010586070 0000000109904b2b
0x0000700010586050:   0000700010586090 00007000105860c8
0x0000700010586060:   0000700010586090 00007000105860c8
0x0000700010586070:   00007000105860b0 0000000109904e66
0x0000700010586080:   0000000000000000 0000000000000028
0x0000700010586090:   00007000105860c8 000000010f7b97a0
0x00007000105860a0:   0000000000000000 00007000105866f8
0x00007000105860b0:   0000700010586530 0000000109688b69
0x00007000105860c0:   00007000105860f0 0000000109c2a1c0
0x00007000105860d0:   0000000000000000 0000000000000000
0x00007000105860e0:   000070000000000e 0000700010586500
0x00007000105860f0:   0000700000000000 4fffffff4fffffff
0x0000700010586100:   000000004fffffff 0000700010586148
0x0000700010586110:   0000700047000001 0000000000000000
0x0000700010586120:   0000700010586150 0000000109904b0c
0x0000700010586130:   0000700010586170 00007000105861a8
0x0000700010586140:   0000700010586170 0000000109904b74
0x0000700010586150:   0000700010586190 00007000105861a8 

Instructions: (pc=0x0000000109904d66)
0x0000000109904d46:   df 48 83 c4 08 5b 5d e9 7c ff ff ff 55 48 89 e5
0x0000000109904d56:   53 48 81 ec 08 01 00 00 48 63 47 10 48 8b 4f 08
0x0000000109904d66:   40 38 74 01 08 48 89 fb 74 39 40 0f be d6 48 8d
0x0000000109904d76:   bd f0 fe ff ff 48 8d 35 4f 7a 11 00 30 c0 e8 1f 

Register to memory mapping:

RAX=0x0000000000000000 is an unknown value
RBX=0x00007000105860c8 is an unknown value
RCX=0x0000000000000000 is an unknown value
RDX=0x0000000000000000 is an unknown value
RSP=0x0000700010585f60 is an unknown value
RBP=0x0000700010586070 is an unknown value
RSI=0x0000000000000028 is an unknown value
RDI=0x00007000105860c8 is an unknown value
R8 =0x0000000000000028 is an unknown value
R9 =0x000000008a000000 is an unknown value
R10=0x0000000000001fff is an unknown value
R11=0xffffffffffffffc0 is an unknown value
R12=0x00007000105860c8 is an unknown value
R13={method} {0x000000010f7b97a0} 'visit' '(Last/node/statement/Conditional;)V' in 'ast/JasminVisitorImpl'
R14=0x0000000000000000 is an unknown value
R15=0x00007000105866f8 is an unknown value


Stack: [0x0000700010487000,0x0000700010587000],  sp=0x0000700010585f60,  free space=1019k
Native frames: (J=compiled Java code, j=interpreted, Vv=VM code, C=native code)
V  [libjvm.dylib+0x504d66]  SignatureIterator::expect(char)+0x14
V  [libjvm.dylib+0x504e66]  SignatureIterator::iterate_returntype()+0x28
V  [libjvm.dylib+0x288b69]  GenerateOopMap::do_method(int, int, int, int)+0x71
V  [libjvm.dylib+0x28a7ec]  GenerateOopMap::interp_bb(BasicBlock*)+0x104
V  [libjvm.dylib+0x28aa3b]  GenerateOopMap::interp_all()+0x31
V  [libjvm.dylib+0x28afd2]  GenerateOopMap::do_interpretation()+0x44
V  [libjvm.dylib+0x28b3eb]  GenerateOopMap::compute_map(Thread*)+0x1fb
V  [libjvm.dylib+0x485331]  OopMapForCacheEntry::compute_map(Thread*)+0x8f
V  [libjvm.dylib+0x48553a]  OopMapCacheEntry::fill(methodHandle, int)+0x19e
V  [libjvm.dylib+0x48571b]  OopMapCache::compute_one_oop_map(methodHandle, int, InterpreterOopMap*)+0x16b
V  [libjvm.dylib+0x4859d2]  OopMapCache::lookup(methodHandle, int, InterpreterOopMap*) const+0x25c
V  [libjvm.dylib+0x2c2b04]  InstanceKlass::mask_for(methodHandle, int, InterpreterOopMap*)+0xd2
V  [libjvm.dylib+0x45306d]  Method::mask_for(int, InterpreterOopMap*)+0xb3
V  [libjvm.dylib+0x39afbf]  VM_GetOrSetLocal::doit()+0x47
V  [libjvm.dylib+0x5bd499]  VM_Operation::evaluate()+0x4f
V  [libjvm.dylib+0x5bba31]  VMThread::evaluate_operation(VM_Operation*)+0xdf
V  [libjvm.dylib+0x5bbe7e]  VMThread::loop()+0x328
V  [libjvm.dylib+0x5bb79d]  VMThread::run()+0x79
V  [libjvm.dylib+0x48e342]  java_start(Thread*)+0xf6
C  [libsystem_pthread.dylib+0x3305]  _pthread_body+0x7e
C  [libsystem_pthread.dylib+0x626f]  _pthread_start+0x46
C  [libsystem_pthread.dylib+0x2415]  thread_start+0xd

VM_Operation (0x0000700010992978): GetOrSetLocal, mode: safepoint, requested by thread 0x00007ff8c4812000


---------------  P R O C E S S  ---------------

Java Threads: ( => current thread )
  0x00007ff8c4821800 JavaThread "Service Thread" daemon [_thread_blocked, id=16899, stack(0x0000700010ea5000,0x0000700010fa5000)]
  0x00007ff8c508e000 JavaThread "C1 CompilerThread2" daemon [_thread_blocked, id=17155, stack(0x0000700010da2000,0x0000700010ea2000)]
  0x00007ff8c508d000 JavaThread "C2 CompilerThread1" daemon [_thread_blocked, id=17411, stack(0x0000700010c9f000,0x0000700010d9f000)]
  0x00007ff8c508c800 JavaThread "C2 CompilerThread0" daemon [_thread_blocked, id=14083, stack(0x0000700010b9c000,0x0000700010c9c000)]
  0x00007ff8c481b000 JavaThread "JDWP Command Reader" daemon [_thread_in_native, id=13571, stack(0x0000700010a99000,0x0000700010b99000)]
  0x00007ff8c4806000 JavaThread "JDWP Event Helper Thread" daemon [_thread_blocked, id=17667, stack(0x0000700010996000,0x0000700010a96000)]
  0x00007ff8c4812000 JavaThread "JDWP Transport Listener: dt_socket" daemon [_thread_blocked, id=18183, stack(0x0000700010893000,0x0000700010993000)]
  0x00007ff8c5024000 JavaThread "Signal Dispatcher" daemon [_thread_blocked, id=18691, stack(0x0000700010790000,0x0000700010890000)]
  0x00007ff8c5808000 JavaThread "Finalizer" daemon [_thread_blocked, id=12547, stack(0x000070001068d000,0x000070001078d000)]
  0x00007ff8c480f000 JavaThread "Reference Handler" daemon [_thread_blocked, id=20995, stack(0x000070001058a000,0x000070001068a000)]
  0x00007ff8c4805000 JavaThread "main" [_thread_blocked, id=6915, stack(0x000070000ff78000,0x0000700010078000)]

Other Threads:
=>0x00007ff8c5803800 VMThread [stack: 0x0000700010487000,0x0000700010587000] [id=11779]
  0x00007ff8c5816800 WatcherThread [stack: 0x0000700010fa8000,0x00007000110a8000] [id=16643]

VM state:at safepoint (normal execution)

VM Mutex/Monitor currently owned by a thread:  ([mutex/lock_event])
[0x00007ff8c3c03d40] Threads_lock - owner thread: 0x00007ff8c5803800

Heap:
 PSYoungGen      total 38400K, used 11362K [0x0000000795580000, 0x0000000798000000, 0x00000007c0000000)
  eden space 33280K, 34% used [0x0000000795580000,0x0000000796098bd8,0x0000000797600000)
  from space 5120K, 0% used [0x0000000797b00000,0x0000000797b00000,0x0000000798000000)
  to   space 5120K, 0% used [0x0000000797600000,0x0000000797600000,0x0000000797b00000)
 ParOldGen       total 87552K, used 0K [0x0000000740000000, 0x0000000745580000, 0x0000000795580000)
  object space 87552K, 0% used [0x0000000740000000,0x0000000740000000,0x0000000745580000)
 Metaspace       used 5447K, capacity 6144K, committed 6272K, reserved 1056768K
  class space    used 585K, capacity 624K, committed 640K, reserved 1048576K

Card table byte_map: [0x000000010a7e5000,0x000000010abe6000] byte_map_base: 0x0000000106de5000

Marking Bits: (ParMarkBitMap*) 0x0000000109cf9cd0
 Begin Bits: [0x000000010ae91000, 0x000000010ce91000)
 End Bits:   [0x000000010ce91000, 0x000000010ee91000)

Polling page: 0x0000000108b72000

CodeCache: size=245760Kb used=2437Kb max_used=2455Kb free=243322Kb
 bounds [0x0000000110091000, 0x0000000110301000, 0x000000011f091000]
 total_blobs=749 nmethods=471 adapters=200
 compilation: enabled

Compilation events (10 events):
Event: 0.607 Thread 0x00007ff8c508e000 nmethod 467 0x00000001102c8ed0 code [0x00000001102c90a0, 0x00000001102c9868]
Event: 0.607 Thread 0x00007ff8c508e000  468       3       java.io.BufferedWriter::min (9 bytes)
Event: 0.607 Thread 0x00007ff8c508e000 nmethod 468 0x00000001102c9d90 code [0x00000001102c9f00, 0x00000001102ca090]
Event: 1.622 Thread 0x00007ff8c508d000 nmethod 437 0x00000001102d5a50 code [0x00000001102d6820, 0x00000001102e0ea8]
Event: 47.137 Thread 0x00007ff8c508e000  469       3       java.io.Writer::write (11 bytes)
Event: 47.137 Thread 0x00007ff8c508e000 nmethod 469 0x00000001102d5490 code [0x00000001102d5600, 0x00000001102d5928]
Event: 47.139 Thread 0x00007ff8c508e000  470       1       ast.node.expression.Identifier::getName (5 bytes)
Event: 47.139 Thread 0x00007ff8c508e000 nmethod 470 0x00000001102d51d0 code [0x00000001102d5320, 0x00000001102d5430]
Event: 47.140 Thread 0x00007ff8c508e000  471       3       sun.nio.cs.UTF_8$Encoder::encodeArrayLoop (489 bytes)
Event: 47.148 Thread 0x00007ff8c508e000 nmethod 471 0x00000001102ce850 code [0x00000001102cee40, 0x00000001102d2568]

GC Heap History (0 events):
No events

Deoptimization events (0 events):
No events

Classes redefined (7 events):
Event: 401.939 Thread 0x00007ff8c5803800 redefined class name=ast.JasminVisitorImpl, count=1
Event: 1325.604 Thread 0x00007ff8c5803800 redefined class name=ast.TypeCheckVisitorImpl, count=1
Event: 1778.847 Thread 0x00007ff8c5803800 redefined class name=ast.JasminVisitorImpl, count=2
Event: 1844.419 Thread 0x00007ff8c5803800 redefined class name=ast.JasminVisitorImpl, count=3
Event: 1943.878 Thread 0x00007ff8c5803800 redefined class name=ast.JasminVisitorImpl, count=4
Event: 2070.010 Thread 0x00007ff8c5803800 redefined class name=ast.JasminVisitorImpl, count=5
Event: 2790.724 Thread 0x00007ff8c5803800 redefined class name=ast.JasminVisitorImpl, count=6

Internal exceptions (2 events):
Event: 0.035 Thread 0x00007ff8c4805000 Exception <a 'java/lang/NoSuchMethodError': Method sun.misc.Unsafe.defineClass(Ljava/lang/String;[BII)Ljava/lang/Class; name or signature does not match> (0x0000000795587cb0) thrown at [/Users/java_re/workspace/8-2-build-macosx-x86_64/jdk8u181/11358/hotsp
Event: 0.035 Thread 0x00007ff8c4805000 Exception <a 'java/lang/NoSuchMethodError': Method sun.misc.Unsafe.prefetchRead(Ljava/lang/Object;J)V name or signature does not match> (0x0000000795587f98) thrown at [/Users/java_re/workspace/8-2-build-macosx-x86_64/jdk8u181/11358/hotspot/src/share/vm/pr

Events (10 events):
Event: 2790.736 Executing VM operation: GetOrSetLocal done
Event: 2790.737 Executing VM operation: GetOrSetLocal
Event: 2790.737 Executing VM operation: GetOrSetLocal done
Event: 2790.738 Executing VM operation: GetOrSetLocal
Event: 2790.738 Executing VM operation: GetOrSetLocal done
Event: 2790.740 Executing VM operation: GetOrSetLocal
Event: 2790.741 Executing VM operation: GetOrSetLocal done
Event: 2790.742 Executing VM operation: GetOrSetLocal
Event: 2790.742 Executing VM operation: GetOrSetLocal done
Event: 2790.742 Executing VM operation: GetOrSetLocal


Dynamic libraries:
0x00007fff31b30000 	/System/Library/Frameworks/Cocoa.framework/Versions/A/Cocoa
0x00007fff3dded000 	/System/Library/Frameworks/Security.framework/Versions/A/Security
0x00007fff30737000 	/System/Library/Frameworks/ApplicationServices.framework/Versions/A/ApplicationServices
0x00007fff5f3ca000 	/usr/lib/libz.1.dylib
0x00007fff5ca40000 	/usr/lib/libSystem.B.dylib
0x00007fff5e4e7000 	/usr/lib/libobjc.A.dylib
0x00007fff32353000 	/System/Library/Frameworks/CoreFoundation.framework/Versions/A/CoreFoundation
0x00007fff346d8000 	/System/Library/Frameworks/Foundation.framework/Versions/C/Foundation
0x00007fff2f8c4000 	/System/Library/Frameworks/AppKit.framework/Versions/C/AppKit
0x00007fff31ec7000 	/System/Library/Frameworks/CoreData.framework/Versions/A/CoreData
0x00007fff55c0f000 	/System/Library/PrivateFrameworks/RemoteViewServices.framework/Versions/A/RemoteViewServices
0x00007fff5a70e000 	/System/Library/PrivateFrameworks/UIFoundation.framework/Versions/A/UIFoundation
0x00007fff5bec6000 	/System/Library/PrivateFrameworks/XCTTargetBootstrap.framework/Versions/A/XCTTargetBootstrap
0x00007fff50718000 	/System/Library/PrivateFrameworks/IconServices.framework/Versions/A/IconServices
0x00007fff36fa1000 	/System/Library/Frameworks/Metal.framework/Versions/A/Metal
0x00007fff4791b000 	/System/Library/PrivateFrameworks/DesktopServicesPriv.framework/Versions/A/DesktopServicesPriv
0x00007fff5d7fb000 	/usr/lib/libenergytrace.dylib
0x00007fff5847f000 	/System/Library/PrivateFrameworks/SkyLight.framework/Versions/A/SkyLight
0x00007fff327a2000 	/System/Library/Frameworks/CoreGraphics.framework/Versions/A/CoreGraphics
0x00007fff2e67f000 	/System/Library/Frameworks/Accelerate.framework/Versions/A/Accelerate
0x00007fff34e61000 	/System/Library/Frameworks/IOSurface.framework/Versions/A/IOSurface
0x00007fff4777d000 	/System/Library/PrivateFrameworks/DFRFoundation.framework/Versions/A/DFRFoundation
0x00007fff30c3c000 	/System/Library/Frameworks/AudioToolbox.framework/Versions/A/AudioToolbox
0x00007fff30edb000 	/System/Library/Frameworks/AudioUnit.framework/Versions/A/AudioUnit
0x00007fff47814000 	/System/Library/PrivateFrameworks/DataDetectorsCore.framework/Versions/A/DataDetectorsCore
0x00007fff3161a000 	/System/Library/Frameworks/Carbon.framework/Versions/A/Frameworks/HIToolbox.framework/Versions/A/HIToolbox
0x00007fff5d956000 	/usr/lib/libicucore.A.dylib
0x00007fff3d340000 	/System/Library/Frameworks/QuartzCore.framework/Versions/A/QuartzCore
0x00007fff31a01000 	/System/Library/Frameworks/Carbon.framework/Versions/A/Frameworks/SpeechRecognition.framework/Versions/A/SpeechRecognition
0x00007fff5cba3000 	/usr/lib/libauto.dylib
0x00007fff5f2bd000 	/usr/lib/libxml2.2.dylib
0x00007fff4737c000 	/System/Library/PrivateFrameworks/CoreUI.framework/Versions/A/CoreUI
0x00007fff31da5000 	/System/Library/Frameworks/CoreAudio.framework/Versions/A/CoreAudio
0x00007fff3450a000 	/System/Library/Frameworks/DiskArbitration.framework/Versions/A/DiskArbitration
0x00007fff5dc06000 	/usr/lib/liblangid.dylib
0x00007fff51bc7000 	/System/Library/PrivateFrameworks/MultitouchSupport.framework/Versions/A/MultitouchSupport
0x00007fff34dcd000 	/System/Library/Frameworks/IOKit.framework/Versions/A/IOKit
0x00007fff5c68e000 	/usr/lib/libDiagnosticMessagesClient.dylib
0x00007fff33610000 	/System/Library/Frameworks/CoreServices.framework/Versions/A/CoreServices
0x00007fff538fc000 	/System/Library/PrivateFrameworks/PerformanceAnalysis.framework/Versions/A/PerformanceAnalysis
0x00007fff3c4d5000 	/System/Library/Frameworks/OpenGL.framework/Versions/A/OpenGL
0x00007fff31b3e000 	/System/Library/Frameworks/ColorSync.framework/Versions/A/ColorSync
0x00007fff32e31000 	/System/Library/Frameworks/CoreImage.framework/Versions/A/CoreImage
0x00007fff34053000 	/System/Library/Frameworks/CoreText.framework/Versions/A/CoreText
0x00007fff34ec2000 	/System/Library/Frameworks/ImageIO.framework/Versions/A/ImageIO
0x00007fff439bb000 	/System/Library/PrivateFrameworks/Backup.framework/Versions/A/Backup
0x00007fff5caf6000 	/usr/lib/libarchive.2.dylib
0x00007fff3123f000 	/System/Library/Frameworks/CFNetwork.framework/Versions/A/CFNetwork
0x00007fff3e598000 	/System/Library/Frameworks/SystemConfiguration.framework/Versions/A/SystemConfiguration
0x00007fff5c5b7000 	/usr/lib/libCRFSuite.dylib
0x00007fff5cc9a000 	/usr/lib/libc++.1.dylib
0x00007fff5ccf2000 	/usr/lib/libc++abi.dylib
0x00007fff5f44d000 	/usr/lib/system/libcache.dylib
0x00007fff5f452000 	/usr/lib/system/libcommonCrypto.dylib
0x00007fff5f45d000 	/usr/lib/system/libcompiler_rt.dylib
0x00007fff5f465000 	/usr/lib/system/libcopyfile.dylib
0x00007fff5f46f000 	/usr/lib/system/libcorecrypto.dylib
0x00007fff5f57a000 	/usr/lib/system/libdispatch.dylib
0x00007fff5f5b5000 	/usr/lib/system/libdyld.dylib
0x00007fff5f5e5000 	/usr/lib/system/libkeymgr.dylib
0x00007fff5f5f3000 	/usr/lib/system/liblaunch.dylib
0x00007fff5f5f4000 	/usr/lib/system/libmacho.dylib
0x00007fff5f5fa000 	/usr/lib/system/libquarantine.dylib
0x00007fff5f5fd000 	/usr/lib/system/libremovefile.dylib
0x00007fff5f5ff000 	/usr/lib/system/libsystem_asl.dylib
0x00007fff5f617000 	/usr/lib/system/libsystem_blocks.dylib
0x00007fff5f618000 	/usr/lib/system/libsystem_c.dylib
0x00007fff5f6a1000 	/usr/lib/system/libsystem_configuration.dylib
0x00007fff5f6a5000 	/usr/lib/system/libsystem_coreservices.dylib
0x00007fff5f6a9000 	/usr/lib/system/libsystem_darwin.dylib
0x00007fff5f6b0000 	/usr/lib/system/libsystem_dnssd.dylib
0x00007fff5f6b7000 	/usr/lib/system/libsystem_info.dylib
0x00007fff5f72d000 	/usr/lib/system/libsystem_m.dylib
0x00007fff5f779000 	/usr/lib/system/libsystem_malloc.dylib
0x00007fff5f79e000 	/usr/lib/system/libsystem_networkextension.dylib
0x00007fff5f7aa000 	/usr/lib/system/libsystem_notify.dylib
0x00007fff5f7c7000 	/usr/lib/system/libsystem_sandbox.dylib
0x00007fff5f7cb000 	/usr/lib/system/libsystem_secinit.dylib
0x00007fff5f704000 	/usr/lib/system/libsystem_kernel.dylib
0x00007fff5f7b2000 	/usr/lib/system/libsystem_platform.dylib
0x00007fff5f7bc000 	/usr/lib/system/libsystem_pthread.dylib
0x00007fff5f7ce000 	/usr/lib/system/libsystem_symptoms.dylib
0x00007fff5f7d6000 	/usr/lib/system/libsystem_trace.dylib
0x00007fff5f7ed000 	/usr/lib/system/libunwind.dylib
0x00007fff5f7f3000 	/usr/lib/system/libxpc.dylib
0x00007fff5cc7a000 	/usr/lib/libbsm.0.dylib
0x00007fff5f5e6000 	/usr/lib/system/libkxld.dylib
0x00007fff42c68000 	/System/Library/PrivateFrameworks/AppleFSCompression.framework/Versions/A/AppleFSCompression
0x00007fff5c8ff000 	/usr/lib/libOpenScriptingUtil.dylib
0x00007fff5cfdd000 	/usr/lib/libcoretls.dylib
0x00007fff5cff4000 	/usr/lib/libcoretls_cfhelpers.dylib
0x00007fff5ec80000 	/usr/lib/libpam.2.dylib
0x00007fff5ee43000 	/usr/lib/libsqlite3.dylib
0x00007fff5f2ab000 	/usr/lib/libxar.1.dylib
0x00007fff5cc8b000 	/usr/lib/libbz2.1.0.dylib
0x00007fff5dc08000 	/usr/lib/liblzma.5.dylib
0x00007fff5e0fe000 	/usr/lib/libnetwork.dylib
0x00007fff5cadf000 	/usr/lib/libapple_nghttp2.dylib
0x00007fff5ec87000 	/usr/lib/libpcap.A.dylib
0x00007fff339b4000 	/System/Library/Frameworks/CoreServices.framework/Versions/A/Frameworks/FSEvents.framework/Versions/A/FSEvents
0x00007fff33690000 	/System/Library/Frameworks/CoreServices.framework/Versions/A/Frameworks/CarbonCore.framework/Versions/A/CarbonCore
0x00007fff33b89000 	/System/Library/Frameworks/CoreServices.framework/Versions/A/Frameworks/Metadata.framework/Versions/A/Metadata
0x00007fff33c2c000 	/System/Library/Frameworks/CoreServices.framework/Versions/A/Frameworks/OSServices.framework/Versions/A/OSServices
0x00007fff33c78000 	/System/Library/Frameworks/CoreServices.framework/Versions/A/Frameworks/SearchKit.framework/Versions/A/SearchKit
0x00007fff33611000 	/System/Library/Frameworks/CoreServices.framework/Versions/A/Frameworks/AE.framework/Versions/A/AE
0x00007fff339bd000 	/System/Library/Frameworks/CoreServices.framework/Versions/A/Frameworks/LaunchServices.framework/Versions/A/LaunchServices
0x00007fff33969000 	/System/Library/Frameworks/CoreServices.framework/Versions/A/Frameworks/DictionaryServices.framework/Versions/A/DictionaryServices
0x00007fff33ce7000 	/System/Library/Frameworks/CoreServices.framework/Versions/A/Frameworks/SharedFileList.framework/Versions/A/SharedFileList
0x00007fff38466000 	/System/Library/Frameworks/NetFS.framework/Versions/A/NetFS
0x00007fff51e64000 	/System/Library/PrivateFrameworks/NetAuth.framework/Versions/A/NetAuth
0x00007fff5c2fa000 	/System/Library/PrivateFrameworks/login.framework/Versions/A/Frameworks/loginsupport.framework/Versions/A/loginsupport
0x00007fff5a306000 	/System/Library/PrivateFrameworks/TCC.framework/Versions/A/TCC
0x00007fff46986000 	/System/Library/PrivateFrameworks/CoreNLP.framework/Versions/A/CoreNLP
0x00007fff518b8000 	/System/Library/PrivateFrameworks/MetadataUtilities.framework/Versions/A/MetadataUtilities
0x00007fff5dce9000 	/usr/lib/libmecabra.dylib
0x00007fff30738000 	/System/Library/Frameworks/ApplicationServices.framework/Versions/A/Frameworks/ATS.framework/Versions/A/ATS
0x00007fff30aa3000 	/System/Library/Frameworks/ApplicationServices.framework/Versions/A/Frameworks/ColorSyncLegacy.framework/Versions/A/ColorSyncLegacy
0x00007fff30b44000 	/System/Library/Frameworks/ApplicationServices.framework/Versions/A/Frameworks/HIServices.framework/Versions/A/HIServices
0x00007fff30b97000 	/System/Library/Frameworks/ApplicationServices.framework/Versions/A/Frameworks/LangAnalysis.framework/Versions/A/LangAnalysis
0x00007fff30ba6000 	/System/Library/Frameworks/ApplicationServices.framework/Versions/A/Frameworks/PrintCore.framework/Versions/A/PrintCore
0x00007fff30bf3000 	/System/Library/Frameworks/ApplicationServices.framework/Versions/A/Frameworks/QD.framework/Versions/A/QD
0x00007fff30c2f000 	/System/Library/Frameworks/ApplicationServices.framework/Versions/A/Frameworks/SpeechSynthesis.framework/Versions/A/SpeechSynthesis
0x00007fff5cd1a000 	/usr/lib/libcompression.dylib
0x00007fff32269000 	/System/Library/Frameworks/CoreDisplay.framework/Versions/A/CoreDisplay
0x00007fff37269000 	/System/Library/Frameworks/MetalPerformanceShaders.framework/Versions/A/MetalPerformanceShaders
0x00007fff2e697000 	/System/Library/Frameworks/Accelerate.framework/Versions/A/Frameworks/vImage.framework/Versions/A/vImage
0x00007fff2f713000 	/System/Library/Frameworks/Accelerate.framework/Versions/A/Frameworks/vecLib.framework/Versions/A/vecLib
0x00007fff2f65d000 	/System/Library/Frameworks/Accelerate.framework/Versions/A/Frameworks/vecLib.framework/Versions/A/libvMisc.dylib
0x00007fff2f478000 	/System/Library/Frameworks/Accelerate.framework/Versions/A/Frameworks/vecLib.framework/Versions/A/libvDSP.dylib
0x00007fff2ed38000 	/System/Library/Frameworks/Accelerate.framework/Versions/A/Frameworks/vecLib.framework/Versions/A/libBLAS.dylib
0x00007fff2f023000 	/System/Library/Frameworks/Accelerate.framework/Versions/A/Frameworks/vecLib.framework/Versions/A/libLAPACK.dylib
0x00007fff2f3ca000 	/System/Library/Frameworks/Accelerate.framework/Versions/A/Frameworks/vecLib.framework/Versions/A/libLinearAlgebra.dylib
0x00007fff2f464000 	/System/Library/Frameworks/Accelerate.framework/Versions/A/Frameworks/vecLib.framework/Versions/A/libSparseBLAS.dylib
0x00007fff2f3e0000 	/System/Library/Frameworks/Accelerate.framework/Versions/A/Frameworks/vecLib.framework/Versions/A/libQuadrature.dylib
0x00007fff2efb0000 	/System/Library/Frameworks/Accelerate.framework/Versions/A/Frameworks/vecLib.framework/Versions/A/libBNNS.dylib
0x00007fff2f3e6000 	/System/Library/Frameworks/Accelerate.framework/Versions/A/Frameworks/vecLib.framework/Versions/A/libSparse.dylib
0x00007fff4deab000 	/System/Library/PrivateFrameworks/GPUWrangler.framework/Versions/A/GPUWrangler
0x00007fff502df000 	/System/Library/PrivateFrameworks/IOAccelerator.framework/Versions/A/IOAccelerator
0x00007fff502ea000 	/System/Library/PrivateFrameworks/IOPresentment.framework/Versions/A/IOPresentment
0x00007fff4778d000 	/System/Library/PrivateFrameworks/DSExternalDisplay.framework/Versions/A/DSExternalDisplay
0x00007fff3b91a000 	/System/Library/Frameworks/OpenGL.framework/Versions/A/Libraries/libCoreFSCache.dylib
0x00007fff37051000 	/System/Library/Frameworks/MetalPerformanceShaders.framework/Frameworks/MPSCore.framework/Versions/A/MPSCore
0x00007fff37072000 	/System/Library/Frameworks/MetalPerformanceShaders.framework/Frameworks/MPSImage.framework/Versions/A/MPSImage
0x00007fff3711a000 	/System/Library/Frameworks/MetalPerformanceShaders.framework/Frameworks/MPSNeuralNetwork.framework/Versions/A/MPSNeuralNetwork
0x00007fff370f1000 	/System/Library/Frameworks/MetalPerformanceShaders.framework/Frameworks/MPSMatrix.framework/Versions/A/MPSMatrix
0x00007fff3724d000 	/System/Library/Frameworks/MetalPerformanceShaders.framework/Frameworks/MPSRayIntersector.framework/Versions/A/MPSRayIntersector
0x00007fff518e1000 	/System/Library/PrivateFrameworks/MetalTools.framework/Versions/A/MetalTools
0x00007fff42362000 	/System/Library/PrivateFrameworks/AggregateDictionary.framework/Versions/A/AggregateDictionary
0x00007fff5c8df000 	/usr/lib/libMobileGestalt.dylib
0x00007fff341b9000 	/System/Library/Frameworks/CoreVideo.framework/Versions/A/CoreVideo
0x00007fff4ed1a000 	/System/Library/PrivateFrameworks/GraphVisualizer.framework/Versions/A/GraphVisualizer
0x00007fff48ab6000 	/System/Library/PrivateFrameworks/FaceCore.framework/Versions/A/FaceCore
0x00007fff3af32000 	/System/Library/Frameworks/OpenCL.framework/Versions/A/OpenCL
0x00007fff5c6c6000 	/usr/lib/libFosl_dynamic.dylib
0x00007fff5273b000 	/System/Library/PrivateFrameworks/OTSVG.framework/Versions/A/OTSVG
0x00007fff3083c000 	/System/Library/Frameworks/ApplicationServices.framework/Versions/A/Frameworks/ATS.framework/Versions/A/Resources/libFontParser.dylib
0x00007fff3095c000 	/System/Library/Frameworks/ApplicationServices.framework/Versions/A/Frameworks/ATS.framework/Versions/A/Resources/libFontRegistry.dylib
0x00007fff3514c000 	/System/Library/Frameworks/ImageIO.framework/Versions/A/Resources/libJPEG.dylib
0x00007fff3546e000 	/System/Library/Frameworks/ImageIO.framework/Versions/A/Resources/libTIFF.dylib
0x00007fff35444000 	/System/Library/Frameworks/ImageIO.framework/Versions/A/Resources/libPng.dylib
0x00007fff35061000 	/System/Library/Frameworks/ImageIO.framework/Versions/A/Resources/libGIF.dylib
0x00007fff35066000 	/System/Library/Frameworks/ImageIO.framework/Versions/A/Resources/libJP2.dylib
0x00007fff3546b000 	/System/Library/Frameworks/ImageIO.framework/Versions/A/Resources/libRadiance.dylib
0x00007fff42dc1000 	/System/Library/PrivateFrameworks/AppleJPEG.framework/Versions/A/AppleJPEG
0x00007fff3b925000 	/System/Library/Frameworks/OpenGL.framework/Versions/A/Libraries/libGFXShared.dylib
0x00007fff3bae8000 	/System/Library/Frameworks/OpenGL.framework/Versions/A/Libraries/libGLU.dylib
0x00007fff3b92e000 	/System/Library/Frameworks/OpenGL.framework/Versions/A/Libraries/libGL.dylib
0x00007fff3b93a000 	/System/Library/Frameworks/OpenGL.framework/Versions/A/Libraries/libGLImage.dylib
0x00007fff3b917000 	/System/Library/Frameworks/OpenGL.framework/Versions/A/Libraries/libCVMSPluginSupport.dylib
0x00007fff3b920000 	/System/Library/Frameworks/OpenGL.framework/Versions/A/Libraries/libCoreVMClient.dylib
0x00007fff5d66c000 	/usr/lib/libcups.2.dylib
0x00007fff36566000 	/System/Library/Frameworks/Kerberos.framework/Versions/A/Kerberos
0x00007fff34b17000 	/System/Library/Frameworks/GSS.framework/Versions/A/GSS
0x00007fff5edd7000 	/usr/lib/libresolv.9.dylib
0x00007fff5d864000 	/usr/lib/libiconv.2.dylib
0x00007fff4ee7a000 	/System/Library/PrivateFrameworks/Heimdal.framework/Versions/A/Heimdal
0x00007fff5d833000 	/usr/lib/libheimdal-asn1.dylib
0x00007fff3afa8000 	/System/Library/Frameworks/OpenDirectory.framework/Versions/A/OpenDirectory
0x00007fff45683000 	/System/Library/PrivateFrameworks/CommonAuth.framework/Versions/A/CommonAuth
0x00007fff3af8b000 	/System/Library/Frameworks/OpenDirectory.framework/Versions/A/Frameworks/CFOpenDirectory.framework/Versions/A/CFOpenDirectory
0x00007fff3e116000 	/System/Library/Frameworks/SecurityFoundation.framework/Versions/A/SecurityFoundation
0x00007fff41873000 	/System/Library/PrivateFrameworks/APFS.framework/Versions/A/APFS
0x00007fff5f2a7000 	/usr/lib/libutil.dylib
0x00007fff5cd08000 	/usr/lib/libcharset.1.dylib
0x00007fff4305d000 	/System/Library/PrivateFrameworks/AppleSauce.framework/Versions/A/AppleSauce
0x00007fff431eb000 	/System/Library/PrivateFrameworks/AssertionServices.framework/Versions/A/AssertionServices
0x00007fff43a5e000 	/System/Library/PrivateFrameworks/BaseBoard.framework/Versions/A/BaseBoard
0x00007fff5dc38000 	/usr/lib/libmecab.1.0.0.dylib
0x00007fff5d82d000 	/usr/lib/libgermantok.dylib
0x00007fff5cacb000 	/usr/lib/libThaiTokenizer.dylib
0x00007fff5c5f2000 	/usr/lib/libChineseTokenizer.dylib
0x00007fff50a15000 	/System/Library/PrivateFrameworks/LanguageModeling.framework/Versions/A/LanguageModeling
0x00007fff4639c000 	/System/Library/PrivateFrameworks/CoreEmoji.framework/Versions/A/CoreEmoji
0x00007fff50b0d000 	/System/Library/PrivateFrameworks/Lexicon.framework/Versions/A/Lexicon
0x00007fff50b55000 	/System/Library/PrivateFrameworks/LinguisticData.framework/Versions/A/LinguisticData
0x00007fff5cd09000 	/usr/lib/libcmph.dylib
0x00007fff3e1d7000 	/System/Library/Frameworks/ServiceManagement.framework/Versions/A/ServiceManagement
0x00007fff439b1000 	/System/Library/PrivateFrameworks/BackgroundTaskManagement.framework/Versions/A/BackgroundTaskManagement
0x00007fff5f3a1000 	/usr/lib/libxslt.1.dylib
0x00007fff3192c000 	/System/Library/Frameworks/Carbon.framework/Versions/A/Frameworks/Ink.framework/Versions/A/Ink
0x00007fff5a586000 	/System/Library/PrivateFrameworks/TextureIO.framework/Versions/A/TextureIO
0x00007fff5cb20000 	/usr/lib/libate.dylib
0x00007fff476e9000 	/System/Library/PrivateFrameworks/CrashReporterSupport.framework/Versions/A/CrashReporterSupport
0x00007fff575a7000 	/System/Library/PrivateFrameworks/Sharing.framework/Versions/A/Sharing
0x00007fff4353d000 	/System/Library/PrivateFrameworks/AuthKit.framework/Versions/A/AuthKit
0x00007fff42960000 	/System/Library/PrivateFrameworks/Apple80211.framework/Versions/A/Apple80211
0x00007fff474a9000 	/System/Library/PrivateFrameworks/CoreUtils.framework/Versions/A/CoreUtils
0x00007fff341f7000 	/System/Library/Frameworks/CoreWLAN.framework/Versions/A/CoreWLAN
0x00007fff34c61000 	/System/Library/Frameworks/IOBluetooth.framework/Versions/A/IOBluetooth
0x00007fff558ca000 	/System/Library/PrivateFrameworks/ProtocolBuffer.framework/Versions/A/ProtocolBuffer
0x00007fff51b1e000 	/System/Library/PrivateFrameworks/MobileKeyBag.framework/Versions/A/MobileKeyBag
0x00007fff46cc1000 	/System/Library/PrivateFrameworks/CorePhoneNumbers.framework/Versions/A/CorePhoneNumbers
0x00007fff42d75000 	/System/Library/PrivateFrameworks/AppleIDAuthSupport.framework/Versions/A/AppleIDAuthSupport
0x00007fff509e7000 	/System/Library/PrivateFrameworks/KeychainCircle.framework/Versions/A/KeychainCircle
0x00007fff55a97000 	/System/Library/PrivateFrameworks/ROCKit.framework/Versions/A/ROCKit
0x00007fff47685000 	/System/Library/PrivateFrameworks/CoreWiFi.framework/Versions/A/CoreWiFi
0x00007fff31e9b000 	/System/Library/Frameworks/CoreBluetooth.framework/Versions/A/CoreBluetooth
0x00007fff478d9000 	/System/Library/PrivateFrameworks/DebugSymbols.framework/Versions/A/DebugSymbols
0x00007fff4725e000 	/System/Library/PrivateFrameworks/CoreSymbolication.framework/Versions/A/CoreSymbolication
0x00007fff59d70000 	/System/Library/PrivateFrameworks/Symbolication.framework/Versions/A/Symbolication
0x00007fff58f02000 	/System/Library/PrivateFrameworks/SpeechRecognitionCore.framework/Versions/A/SpeechRecognitionCore
0x0000000109400000 	/Library/Java/JavaVirtualMachines/jdk1.8.0_181.jdk/Contents/Home/jre/lib/server/libjvm.dylib
0x00007fff5f16b000 	/usr/lib/libstdc++.6.dylib
0x0000000108b2e000 	/Library/Java/JavaVirtualMachines/jdk1.8.0_181.jdk/Contents/Home/jre/lib/libverify.dylib
0x0000000108b3c000 	/Library/Java/JavaVirtualMachines/jdk1.8.0_181.jdk/Contents/Home/jre/lib/libjava.dylib
0x0000000108b73000 	/Library/Java/JavaVirtualMachines/jdk1.8.0_181.jdk/Contents/Home/jre/lib/libjdwp.dylib
0x0000000108bbe000 	/Library/Java/JavaVirtualMachines/jdk1.8.0_181.jdk/Contents/Home/jre/lib/libnpt.dylib
0x0000000108bc2000 	/Library/Java/JavaVirtualMachines/jdk1.8.0_181.jdk/Contents/Home/jre/lib/libinstrument.dylib
0x0000000108bef000 	/Library/Java/JavaVirtualMachines/jdk1.8.0_181.jdk/Contents/Home/jre/lib/libzip.dylib
0x000000010ff67000 	/Library/Java/JavaVirtualMachines/jdk1.8.0_181.jdk/Contents/Home/jre/lib/libdt_socket.dylib
0x000000011ff94000 	/Library/Java/JavaVirtualMachines/jdk1.8.0_181.jdk/Contents/Home/jre/lib/libnio.dylib
0x000000011ffa4000 	/Library/Java/JavaVirtualMachines/jdk1.8.0_181.jdk/Contents/Home/jre/lib/./libnet.dylib

VM Arguments:
jvm_args: -agentlib:jdwp=transport=dt_socket,address=127.0.0.1:52187,suspend=y,server=n -javaagent:/Users/yasaman/Library/Caches/IntelliJIdea2018.2/captureAgent/debugger-agent.jar=file:/private/var/folders/qr/ncqnr_1j09q16t9jrpmb15_w0000gn/T/capture.props -Dfile.encoding=UTF-8 
java_command: mySmoola in.sml
java_class_path (initial): /Library/Java/JavaVirtualMachines/jdk1.8.0_181.jdk/Contents/Home/jre/lib/charsets.jar:/Library/Java/JavaVirtualMachines/jdk1.8.0_181.jdk/Contents/Home/jre/lib/deploy.jar:/Library/Java/JavaVirtualMachines/jdk1.8.0_181.jdk/Contents/Home/jre/lib/ext/cldrdata.jar:/Library/Java/JavaVirtualMachines/jdk1.8.0_181.jdk/Contents/Home/jre/lib/ext/dnsns.jar:/Library/Java/JavaVirtualMachines/jdk1.8.0_181.jdk/Contents/Home/jre/lib/ext/jaccess.jar:/Library/Java/JavaVirtualMachines/jdk1.8.0_181.jdk/Contents/Home/jre/lib/ext/jfxrt.jar:/Library/Java/JavaVirtualMachines/jdk1.8.0_181.jdk/Contents/Home/jre/lib/ext/localedata.jar:/Library/Java/JavaVirtualMachines/jdk1.8.0_181.jdk/Contents/Home/jre/lib/ext/nashorn.jar:/Library/Java/JavaVirtualMachines/jdk1.8.0_181.jdk/Contents/Home/jre/lib/ext/sunec.jar:/Library/Java/JavaVirtualMachines/jdk1.8.0_181.jdk/Contents/Home/jre/lib/ext/sunjce_provider.jar:/Library/Java/JavaVirtualMachines/jdk1.8.0_181.jdk/Contents/Home/jre/lib/ext/sunpkcs11.jar:/Library/Java/JavaVirtualMachines/jdk1.8.0_181.jdk/Contents/Home/jre/lib/ext/zipfs.jar:/Library/Java/JavaVirtualMachines/jdk1.8.0_181.jdk/Contents/Home/jre/lib/javaws.jar:/Library/Java/JavaVirtualMachines/jdk1.8.0_181.jdk/Contents/Home/jre/lib/jce.jar:/Library/Java/JavaVirtualMachines/jdk1.8.0_181.jdk/Contents/Home/jre/lib/jfr.jar:/Library/Java/JavaVirtualMachines/jdk1.8.0_181.jdk/Contents/Home/jre/lib/jfxswt.jar:/Library/Java/JavaVirtualMachines/jdk1.8.0_181.jdk/Contents/Home/jre/lib/jsse.jar:/Library/Java/JavaVirtualMachines/jdk1.8.0_181.jdk/Contents/Home/jre/lib/management-agent.jar:/Library/Java/JavaVirtualMachines/jdk1.8.0_181.jdk/Contents/Home/jre/lib/plugin.jar:/Library/Java/JavaVirtualMachines/jdk1.8.0_181.jdk/Contents/Home/jre/lib/resources.jar:/Library/Java/JavaVirtualMachines/jdk1.8.0_181.jdk/Contents/Home/jre/lib/rt.jar:/Library/Java/JavaVirtualMachines/jdk1.8.0_181.jdk/Contents/Home/lib/ant-javafx.jar:/Library/Java/JavaVirtualMachines/jdk1.8.0_181.jdk/Contents/Home
Launcher Type: SUN_STANDARD

Environment Variables:
PATH=/anaconda3/bin:/Users/yasaman/miniconda3/bin:/opt/local/bin:/opt/local/sbin:/Library/Frameworks/Python.framework/Versions/3.7/bin:/usr/local/bin:/usr/bin:/bin:/usr/sbin:/sbin:/Users/yasaman/Library/Android/sdk/tools:/Users/yasaman/Library/Android/sdk/tools/bin:/Users/yasaman/Library/Android/sdk/platform-tools
SHELL=/bin/bash

Signal Handlers:
SIGSEGV: [libjvm.dylib+0x5b6029], sa_mask[0]=11111111011111110111111111111111, sa_flags=SA_ONSTACK|SA_RESTART|SA_SIGINFO
SIGBUS: [libjvm.dylib+0x5b6029], sa_mask[0]=11111111011111110111111111111111, sa_flags=SA_RESTART|SA_SIGINFO
SIGFPE: [libjvm.dylib+0x48b934], sa_mask[0]=11111111011111110111111111111111, sa_flags=SA_RESTART|SA_SIGINFO
SIGPIPE: [libjvm.dylib+0x48b934], sa_mask[0]=11111111011111110111111111111111, sa_flags=SA_RESTART|SA_SIGINFO
SIGXFSZ: [libjvm.dylib+0x48b934], sa_mask[0]=11111111011111110111111111111111, sa_flags=SA_RESTART|SA_SIGINFO
SIGILL: [libjvm.dylib+0x48b934], sa_mask[0]=11111111011111110111111111111111, sa_flags=SA_RESTART|SA_SIGINFO
SIGUSR1: SIG_DFL, sa_mask[0]=00000000000000000000000000000000, sa_flags=none
SIGUSR2: [libjvm.dylib+0x48b452], sa_mask[0]=00100000000000000000000000000000, sa_flags=SA_RESTART|SA_SIGINFO
SIGHUP: [libjvm.dylib+0x489a1d], sa_mask[0]=11111111011111110111111111111111, sa_flags=SA_RESTART|SA_SIGINFO
SIGINT: [libjvm.dylib+0x489a1d], sa_mask[0]=11111111011111110111111111111111, sa_flags=SA_RESTART|SA_SIGINFO
SIGTERM: [libjvm.dylib+0x489a1d], sa_mask[0]=11111111011111110111111111111111, sa_flags=SA_RESTART|SA_SIGINFO
SIGQUIT: [libjvm.dylib+0x489a1d], sa_mask[0]=11111111011111110111111111111111, sa_flags=SA_RESTART|SA_SIGINFO


---------------  S Y S T E M  ---------------

OS:Bsduname:Darwin 18.2.0 Darwin Kernel Version 18.2.0: Mon Nov 12 20:24:46 PST 2018; root:xnu-4903.231.4~2/RELEASE_X86_64 x86_64
rlimit: STACK 8192k, CORE 0k, NPROC 709, NOFILE 10240, AS infinity
load average:4.32 6.40 6.12

CPU:total 4 (initial active 4) (2 cores per cpu, 2 threads per core) family 6 model 142 stepping 9, cmov, cx8, fxsr, mmx, sse, sse2, sse3, ssse3, sse4.1, sse4.2, popcnt, avx, avx2, aes, clmul, erms, 3dnowpref, lzcnt, ht, tsc, tscinvbit, bmi1, bmi2, adx

Memory: 4k page, physical 8388608k(350996k free)

/proc/meminfo:


vm_info: Java HotSpot(TM) 64-Bit Server VM (25.181-b13) for bsd-amd64 JRE (1.8.0_181-b13), built on Jul  7 2018 01:02:31 by "java_re" with gcc 4.2.1 (Based on Apple Inc. build 5658) (LLVM build 2336.11.00)

time: Tue Jan  8 16:01:40 2019
elapsed time: 2790 seconds (0d 0h 46m 30s)

